<?xml version="1.0" encoding="UTF-8"?>
<testsuites name="TestSuite1" time="8" tests="2" failures="0" errors="0">
   <testsuite name="TestSuite1" tests="2" failures="0" errors="0" time="8" timestamp="2019-03-15 12:04:23" hostname="UMA - LAPTOP-PTOLBIN0" id="Test Suites/TestSuite1">
      <properties>
         <property name="deviceName" value=""/>
         <property name="devicePlatform" value=""/>
         <property name="logFolder" value="C:\\Users\\UMA\\Katalon Studio\\SampleRestAPITestingProject\\Reports\\TestSuite1\\20190315_120420"/>
         <property name="logFiles" value="C:\\Users\\UMA\\Katalon Studio\\SampleRestAPITestingProject\\Reports\\TestSuite1\\20190315_120420\\execution0.log"/>
         <property name="attachments" value=""/>
         <property name="hostName" value="UMA - LAPTOP-PTOLBIN0"/>
         <property name="hostAddress" value="192.168.1.182"/>
         <property name="os" value="Windows 10 64bit"/>
         <property name="katalonVersion" value="6.0.6.4"/>
      </properties>
      <testcase name="Test Cases/APIChainingdemo" classname="Test Cases/APIChainingdemo" status="PASSED">
         <system-out><![CDATA[2019-03-15 12:04:23 - [TEST_CASE][PASSED] - Test Cases/APIChainingdemo: Test Cases/APIChainingdemo

2019-03-15 12:04:24 - [TEST_STEP][PASSED] - response1 = sendRequest(findTestObject("RESTWebservices/ListUsers")): Send request successfully

2019-03-15 12:04:28 - [MESSAGE][INFO] - HAR: C:\Users\UMA\Katalon Studio\SampleRestAPITestingProject\Reports\TestSuite1\20190315_120420\requests\main\0.har

2019-03-15 12:04:28 - [MESSAGE][PASSED] - Send request successfully

2019-03-15 12:04:28 - [TEST_STEP][PASSED] - slurper = new groovy.json.JsonSlurper(): null

2019-03-15 12:04:28 - [TEST_STEP][PASSED] - result = slurper.parseText(response1.getResponseBodyContent()): null

2019-03-15 12:04:28 - [TEST_STEP][PASSED] - value = first_name: null

2019-03-15 12:04:28 - [TEST_STEP][PASSED] - println(" Value extracted is  :" + value): null

2019-03-15 12:04:28 - [TEST_STEP][PASSED] - userName = value: null

2019-03-15 12:04:29 - [TEST_STEP][PASSED] - println("Global variable value:" + userName): null

2019-03-15 12:04:29 - [TEST_STEP][PASSED] - sendRequestAndVerify(findTestObject("RESTWebservices/UpdateUser", ["userName":userName])): Send request and verify the response successfully

2019-03-15 12:04:30 - [TEST_CASE][PASSED] - Start Test Case : Verification: Verification accomplished successfully

2019-03-15 12:04:30 - [TEST_STEP][PASSED] - request = getInstance().getCurrentRequest(): null

2019-03-15 12:04:30 - [TEST_STEP][PASSED] - response = getInstance().getCurrentResponse(): null

2019-03-15 12:04:30 - [TEST_STEP][PASSED] - verifyElementPropertyValue(response, "name", "Tracey"): Verify element property value successfully

2019-03-15 12:04:30 - [MESSAGE][PASSED] - Verify element property value successfully

2019-03-15 12:04:30 - [MESSAGE][PASSED] - Verify response successfully

2019-03-15 12:04:30 - [MESSAGE][PASSED] - Send request and verify the response successfully]]></system-out>
         <system-err><![CDATA[]]></system-err>
      </testcase>
      <testcase name="Test Cases/sampletestone" classname="Test Cases/sampletestone" status="PASSED">
         <system-out><![CDATA[2019-03-15 12:04:30 - [TEST_CASE][PASSED] - Test Cases/sampletestone: Test Cases/sampletestone

2019-03-15 12:04:30 - [TEST_STEP][PASSED] - sendRequest(findTestObject("RESTWebservices/ListUsers")): Send request successfully

2019-03-15 12:04:31 - [MESSAGE][INFO] - HAR: C:\Users\UMA\Katalon Studio\SampleRestAPITestingProject\Reports\TestSuite1\20190315_120420\requests\main\1.har

2019-03-15 12:04:31 - [MESSAGE][PASSED] - Send request successfully

2019-03-15 12:04:31 - [TEST_STEP][PASSED] - sendRequest(findTestObject("RESTWebservices/CreateUser")): Send request successfully

2019-03-15 12:04:32 - [MESSAGE][INFO] - HAR: C:\Users\UMA\Katalon Studio\SampleRestAPITestingProject\Reports\TestSuite1\20190315_120420\requests\main\2.har

2019-03-15 12:04:32 - [MESSAGE][PASSED] - Send request successfully]]></system-out>
         <system-err><![CDATA[]]></system-err>
      </testcase>
      <system-out><![CDATA[2019-03-15 12:04:23 - [TEST_SUITE][PASSED] - TestSuite1: Test Cases/sampletestone]]></system-out>
      <system-err><![CDATA[]]></system-err>
   </testsuite>
</testsuites>
